2024-02-07T08:31:32.681-03:00  INFO 11328 --- [restartedMain] com.minascafe.api.MinasCafeApplication   : Starting MinasCafeApplication using Java 17.0.8 with PID 11328 (C:\Users\T.I.MINAS CAFE\MinasCafe\MinasCafe\target\classes started by T.I.MINAS CAFE in C:\Users\T.I.MINAS CAFE\MinasCafe\MinasCafe)
2024-02-07T08:31:32.692-03:00  INFO 11328 --- [restartedMain] com.minascafe.api.MinasCafeApplication   : No active profile set, falling back to 1 default profile: "default"
2024-02-07T08:31:32.765-03:00  INFO 11328 --- [restartedMain] .e.DevToolsPropertyDefaultsPostProcessor : Devtools property defaults active! Set 'spring.devtools.add-properties' to 'false' to disable
2024-02-07T08:31:32.765-03:00  INFO 11328 --- [restartedMain] .e.DevToolsPropertyDefaultsPostProcessor : For additional web related logging consider setting the 'logging.level.web' property to 'DEBUG'
2024-02-07T08:31:34.058-03:00  INFO 11328 --- [restartedMain] .s.d.r.c.RepositoryConfigurationDelegate : Bootstrapping Spring Data JPA repositories in DEFAULT mode.
2024-02-07T08:31:34.282-03:00  INFO 11328 --- [restartedMain] .s.d.r.c.RepositoryConfigurationDelegate : Finished Spring Data repository scanning in 205 ms. Found 7 JPA repository interfaces.
2024-02-07T08:31:35.903-03:00  INFO 11328 --- [restartedMain] o.s.b.w.embedded.tomcat.TomcatWebServer  : Tomcat initialized with port(s): 8080 (http)
2024-02-07T08:31:35.924-03:00  INFO 11328 --- [restartedMain] o.apache.catalina.core.StandardService   : Starting service [Tomcat]
2024-02-07T08:31:35.924-03:00  INFO 11328 --- [restartedMain] o.apache.catalina.core.StandardEngine    : Starting Servlet engine: [Apache Tomcat/10.1.7]
2024-02-07T08:31:36.074-03:00  INFO 11328 --- [restartedMain] o.a.c.c.C.[Tomcat].[localhost].[/]       : Initializing Spring embedded WebApplicationContext
2024-02-07T08:31:36.075-03:00  INFO 11328 --- [restartedMain] w.s.c.ServletWebServerApplicationContext : Root WebApplicationContext: initialization completed in 3308 ms
2024-02-07T08:31:36.540-03:00  INFO 11328 --- [restartedMain] o.hibernate.jpa.internal.util.LogHelper  : HHH000204: Processing PersistenceUnitInfo [name: default]
2024-02-07T08:31:36.729-03:00  INFO 11328 --- [restartedMain] org.hibernate.Version                    : HHH000412: Hibernate ORM core version 6.1.7.Final
2024-02-07T08:31:37.348-03:00  INFO 11328 --- [restartedMain] com.zaxxer.hikari.HikariDataSource       : HikariPool-1 - Starting...
2024-02-07T08:31:37.843-03:00  INFO 11328 --- [restartedMain] com.zaxxer.hikari.pool.HikariPool        : HikariPool-1 - Added connection com.mysql.cj.jdbc.ConnectionImpl@ca46df2
2024-02-07T08:31:37.845-03:00  INFO 11328 --- [restartedMain] com.zaxxer.hikari.HikariDataSource       : HikariPool-1 - Start completed.
2024-02-07T08:31:37.901-03:00  INFO 11328 --- [restartedMain] SQL dialect                              : HHH000400: Using dialect: org.hibernate.dialect.MySQLDialect
2024-02-07T08:31:39.138-03:00  INFO 11328 --- [restartedMain] o.h.e.t.j.p.i.JtaPlatformInitiator       : HHH000490: Using JtaPlatform implementation: [org.hibernate.engine.transaction.jta.platform.internal.NoJtaPlatform]
2024-02-07T08:31:39.165-03:00  INFO 11328 --- [restartedMain] j.LocalContainerEntityManagerFactoryBean : Initialized JPA EntityManagerFactory for persistence unit 'default'
2024-02-07T08:31:40.798-03:00  WARN 11328 --- [restartedMain] JpaBaseConfiguration$JpaWebConfiguration : spring.jpa.open-in-view is enabled by default. Therefore, database queries may be performed during view rendering. Explicitly configure spring.jpa.open-in-view to disable this warning
2024-02-07T08:31:41.339-03:00  INFO 11328 --- [restartedMain] o.s.s.web.DefaultSecurityFilterChain     : Will secure any request with [org.springframework.security.web.session.DisableEncodeUrlFilter@5b05263d, org.springframework.security.web.context.request.async.WebAsyncManagerIntegrationFilter@32805c53, org.springframework.security.web.context.SecurityContextHolderFilter@63857e73, org.springframework.security.web.header.HeaderWriterFilter@304cdc99, org.springframework.security.web.authentication.logout.LogoutFilter@3ff606bb, org.springframework.security.web.savedrequest.RequestCacheAwareFilter@76e82c99, org.springframework.security.web.servletapi.SecurityContextHolderAwareRequestFilter@16273d77, org.springframework.security.web.authentication.AnonymousAuthenticationFilter@7a22234f, org.springframework.security.web.session.SessionManagementFilter@6ae91c5c, org.springframework.security.web.access.ExceptionTranslationFilter@41e399ff, org.springframework.security.web.access.intercept.AuthorizationFilter@4d448513]
2024-02-07T08:31:41.715-03:00  INFO 11328 --- [restartedMain] o.s.b.d.a.OptionalLiveReloadServer       : LiveReload server is running on port 35729
2024-02-07T08:31:41.805-03:00  INFO 11328 --- [restartedMain] o.s.b.w.embedded.tomcat.TomcatWebServer  : Tomcat started on port(s): 8080 (http) with context path ''
2024-02-07T08:31:41.827-03:00  INFO 11328 --- [restartedMain] com.minascafe.api.MinasCafeApplication   : Started MinasCafeApplication in 9.754 seconds (process running for 10.456)
2024-02-07T08:41:58.250-03:00  INFO 11328 --- [http-nio-8080-exec-1] o.a.c.c.C.[Tomcat].[localhost].[/]       : Initializing Spring DispatcherServlet 'dispatcherServlet'
2024-02-07T08:41:58.250-03:00  INFO 11328 --- [http-nio-8080-exec-1] o.s.web.servlet.DispatcherServlet        : Initializing Servlet 'dispatcherServlet'
2024-02-07T08:41:58.252-03:00  INFO 11328 --- [http-nio-8080-exec-1] o.s.web.servlet.DispatcherServlet        : Completed initialization in 2 ms
2024-02-07T08:41:58.369-03:00  WARN 11328 --- [http-nio-8080-exec-1] .w.s.m.s.DefaultHandlerExceptionResolver : Resolved [org.springframework.http.converter.HttpMessageNotReadableException: JSON parse error: Cannot deserialize value of type `com.minascafe.api.entities.UserRole` from String "Administador": not one of the values accepted for Enum class: [USER, ADMIN]]
2024-02-07T08:42:48.403-03:00  WARN 11328 --- [http-nio-8080-exec-2] .w.s.m.s.DefaultHandlerExceptionResolver : Resolved [org.springframework.http.converter.HttpMessageNotReadableException: JSON parse error: Cannot deserialize value of type `com.minascafe.api.entities.UserRole` from String "user": not one of the values accepted for Enum class: [USER, ADMIN]]
2024-02-07T08:48:02.102-03:00  INFO 11328 --- [SpringApplicationShutdownHook] j.LocalContainerEntityManagerFactoryBean : Closing JPA EntityManagerFactory for persistence unit 'default'
2024-02-07T08:48:02.109-03:00  INFO 11328 --- [SpringApplicationShutdownHook] com.zaxxer.hikari.HikariDataSource       : HikariPool-1 - Shutdown initiated...
2024-02-07T08:48:02.119-03:00  INFO 11328 --- [SpringApplicationShutdownHook] com.zaxxer.hikari.HikariDataSource       : HikariPool-1 - Shutdown completed.
